<?xml version="1.0" encoding="UTF-8"?>
<testsuite name="ar.edu.unq.desapp.grupon.backenddesappapi.unit.controller.UserRestControllerTest" tests="3" skipped="0" failures="0" errors="0" timestamp="2022-06-07T23:30:15" hostname="ubuntu-nico" time="3.386">
  <properties/>
  <testcase name="postNewUser_savesUser()" classname="ar.edu.unq.desapp.grupon.backenddesappapi.unit.controller.UserRestControllerTest" time="3.23"/>
  <testcase name="getAllUsers_returnUsers()" classname="ar.edu.unq.desapp.grupon.backenddesappapi.unit.controller.UserRestControllerTest" time="0.144"/>
  <testcase name="getUserById_gotUser()" classname="ar.edu.unq.desapp.grupon.backenddesappapi.unit.controller.UserRestControllerTest" time="0.008"/>
  <system-out><![CDATA[]]></system-out>
  <system-err><![CDATA[]]></system-err>
</testsuite>
