<?xml version="1.0" encoding="UTF-8"?>
<testsuite name="ar.edu.unq.desapp.grupon.backenddesappapi.BackendDesappApiApplicationTests" tests="1" skipped="0" failures="0" errors="0" timestamp="2022-04-10T12:52:06" hostname="ubuntu-nico" time="2.964">
  <properties/>
  <testcase name="contextLoads()" classname="ar.edu.unq.desapp.grupon.backenddesappapi.BackendDesappApiApplicationTests" time="2.964"/>
  <system-out><![CDATA[09:50:41.202 [Test worker] DEBUG org.springframework.test.context.BootstrapUtils - Instantiating CacheAwareContextLoaderDelegate from class [org.springframework.test.context.cache.DefaultCacheAwareContextLoaderDelegate]
09:50:41.219 [Test worker] DEBUG org.springframework.test.context.BootstrapUtils - Instantiating BootstrapContext using constructor [public org.springframework.test.context.support.DefaultBootstrapContext(java.lang.Class,org.springframework.test.context.CacheAwareContextLoaderDelegate)]
09:50:41.610 [Test worker] DEBUG org.springframework.test.context.BootstrapUtils - Instantiating TestContextBootstrapper for test class [ar.edu.unq.desapp.grupon.backenddesappapi.BackendDesappApiApplicationTests] from class [org.springframework.boot.test.context.SpringBootTestContextBootstrapper]
09:50:41.622 [Test worker] INFO org.springframework.boot.test.context.SpringBootTestContextBootstrapper - Neither @ContextConfiguration nor @ContextHierarchy found for test class [ar.edu.unq.desapp.grupon.backenddesappapi.BackendDesappApiApplicationTests], using SpringBootContextLoader
09:50:41.626 [Test worker] DEBUG org.springframework.test.context.support.AbstractContextLoader - Did not detect default resource location for test class [ar.edu.unq.desapp.grupon.backenddesappapi.BackendDesappApiApplicationTests]: class path resource [ar/edu/unq/desapp/grupon/backenddesappapi/BackendDesappApiApplicationTests-context.xml] does not exist
09:50:41.626 [Test worker] DEBUG org.springframework.test.context.support.AbstractContextLoader - Did not detect default resource location for test class [ar.edu.unq.desapp.grupon.backenddesappapi.BackendDesappApiApplicationTests]: class path resource [ar/edu/unq/desapp/grupon/backenddesappapi/BackendDesappApiApplicationTestsContext.groovy] does not exist
09:50:41.626 [Test worker] INFO org.springframework.test.context.support.AbstractContextLoader - Could not detect default resource locations for test class [ar.edu.unq.desapp.grupon.backenddesappapi.BackendDesappApiApplicationTests]: no resource found for suffixes {-context.xml, Context.groovy}.
09:50:41.627 [Test worker] INFO org.springframework.test.context.support.AnnotationConfigContextLoaderUtils - Could not detect default configuration classes for test class [ar.edu.unq.desapp.grupon.backenddesappapi.BackendDesappApiApplicationTests]: BackendDesappApiApplicationTests does not declare any static, non-private, non-final, nested classes annotated with @Configuration.
09:50:43.383 [Test worker] DEBUG org.springframework.test.context.support.ActiveProfilesUtils - Could not find an 'annotation declaring class' for annotation type [org.springframework.test.context.ActiveProfiles] and class [ar.edu.unq.desapp.grupon.backenddesappapi.BackendDesappApiApplicationTests]
09:50:43.839 [Test worker] DEBUG org.springframework.context.annotation.ClassPathScanningCandidateComponentProvider - Identified candidate component class: file [/home/nicolas/Desktop/DevApps/DesApp-Grupo-N-012022/build/classes/java/main/ar/edu/unq/desapp/grupon/backenddesappapi/BackendDesappApiApplication.class]
09:50:43.840 [Test worker] INFO org.springframework.boot.test.context.SpringBootTestContextBootstrapper - Found @SpringBootConfiguration ar.edu.unq.desapp.grupon.backenddesappapi.BackendDesappApiApplication for test class ar.edu.unq.desapp.grupon.backenddesappapi.BackendDesappApiApplicationTests
09:50:44.091 [Test worker] DEBUG org.springframework.boot.test.context.SpringBootTestContextBootstrapper - @TestExecutionListeners is not present for class [ar.edu.unq.desapp.grupon.backenddesappapi.BackendDesappApiApplicationTests]: using defaults.
09:50:44.091 [Test worker] INFO org.springframework.boot.test.context.SpringBootTestContextBootstrapper - Loaded default TestExecutionListener class names from location [META-INF/spring.factories]: [org.springframework.security.test.context.support.WithSecurityContextTestExecutionListener, org.springframework.security.test.context.support.ReactorContextTestExecutionListener, org.springframework.boot.test.autoconfigure.restdocs.RestDocsTestExecutionListener, org.springframework.boot.test.autoconfigure.web.client.MockRestServiceServerResetTestExecutionListener, org.springframework.boot.test.autoconfigure.web.servlet.MockMvcPrintOnlyOnFailureTestExecutionListener, org.springframework.boot.test.autoconfigure.web.servlet.WebDriverTestExecutionListener, org.springframework.boot.test.autoconfigure.webservices.client.MockWebServiceServerTestExecutionListener, org.springframework.boot.test.mock.mockito.MockitoTestExecutionListener, org.springframework.boot.test.mock.mockito.ResetMocksTestExecutionListener, org.springframework.test.context.web.ServletTestExecutionListener, org.springframework.test.context.support.DirtiesContextBeforeModesTestExecutionListener, org.springframework.test.context.event.ApplicationEventsTestExecutionListener, org.springframework.test.context.support.DependencyInjectionTestExecutionListener, org.springframework.test.context.support.DirtiesContextTestExecutionListener, org.springframework.test.context.transaction.TransactionalTestExecutionListener, org.springframework.test.context.jdbc.SqlScriptsTestExecutionListener, org.springframework.test.context.event.EventPublishingTestExecutionListener]
09:50:45.629 [Test worker] INFO org.springframework.boot.test.context.SpringBootTestContextBootstrapper - Using TestExecutionListeners: [org.springframework.test.context.web.ServletTestExecutionListener@35e6d2d4, org.springframework.test.context.support.DirtiesContextBeforeModesTestExecutionListener@6255d055, org.springframework.test.context.event.ApplicationEventsTestExecutionListener@9a09c80, org.springframework.boot.test.mock.mockito.MockitoTestExecutionListener@62fa8a38, org.springframework.boot.test.autoconfigure.SpringBootDependencyInjectionTestExecutionListener@610984c1, org.springframework.test.context.support.DirtiesContextTestExecutionListener@2d9237cd, org.springframework.test.context.transaction.TransactionalTestExecutionListener@205bfa63, org.springframework.test.context.jdbc.SqlScriptsTestExecutionListener@16461f1a, org.springframework.security.test.context.support.WithSecurityContextTestExecutionListener@3bc4ae9f, org.springframework.test.context.event.EventPublishingTestExecutionListener@7d4da75, org.springframework.security.test.context.support.ReactorContextTestExecutionListener@78a3b00e, org.springframework.boot.test.autoconfigure.restdocs.RestDocsTestExecutionListener@5ebbdecf, org.springframework.boot.test.autoconfigure.web.client.MockRestServiceServerResetTestExecutionListener@401533d1, org.springframework.boot.test.autoconfigure.web.servlet.MockMvcPrintOnlyOnFailureTestExecutionListener@61b34ed4, org.springframework.boot.test.autoconfigure.web.servlet.WebDriverTestExecutionListener@475b12c, org.springframework.boot.test.autoconfigure.webservices.client.MockWebServiceServerTestExecutionListener@4b85acb, org.springframework.boot.test.mock.mockito.ResetMocksTestExecutionListener@6dda7a36]
09:50:45.708 [Test worker] DEBUG org.springframework.test.context.support.AbstractDirtiesContextTestExecutionListener - Before test class: context [DefaultTestContext@428df994 testClass = BackendDesappApiApplicationTests, testInstance = [null], testMethod = [null], testException = [null], mergedContextConfiguration = [WebMergedContextConfiguration@3658d2a3 testClass = BackendDesappApiApplicationTests, locations = '{}', classes = '{class ar.edu.unq.desapp.grupon.backenddesappapi.BackendDesappApiApplication}', contextInitializerClasses = '[]', activeProfiles = '{}', propertySourceLocations = '{}', propertySourceProperties = '{org.springframework.boot.test.context.SpringBootTestContextBootstrapper=true}', contextCustomizers = set[org.springframework.boot.test.autoconfigure.actuate.metrics.MetricsExportContextCustomizerFactory$DisableMetricExportContextCustomizer@76750c2a, org.springframework.boot.test.autoconfigure.properties.PropertyMappingContextCustomizer@0, org.springframework.boot.test.autoconfigure.web.servlet.WebDriverContextCustomizerFactory$Customizer@af3d0ec, org.springframework.boot.test.context.filter.ExcludeFilterContextCustomizer@5465586d, org.springframework.boot.test.json.DuplicateJsonObjectContextCustomizerFactory$DuplicateJsonObjectContextCustomizer@fc4834b, org.springframework.boot.test.mock.mockito.MockitoContextCustomizer@0, org.springframework.boot.test.web.client.TestRestTemplateContextCustomizer@473405ba, org.springframework.boot.test.context.SpringBootTestArgs@1, org.springframework.boot.test.context.SpringBootTestWebEnvironment@1eb315f8], resourceBasePath = 'src/main/webapp', contextLoader = 'org.springframework.boot.test.context.SpringBootContextLoader', parent = [null]], attributes = map['org.springframework.test.context.web.ServletTestExecutionListener.activateListener' -> true]], class annotated with @DirtiesContext [false] with mode [null].

  .   ____          _            __ _ _
 /\\ / ___'_ __ _ _(_)_ __  __ _ \ \ \ \
( ( )\___ | '_ | '_| | '_ \/ _` | \ \ \ \
 \\/  ___)| |_)| | | | | || (_| |  ) ) ) )
  '  |____| .__|_| |_|_| |_\__, | / / / /
 =========|_|==============|___/=/_/_/_/
 :: Spring Boot ::                (v2.6.6)

2022-04-10 09:50:46.906  INFO 24447 --- [    Test worker] u.d.g.b.BackendDesappApiApplicationTests : Starting BackendDesappApiApplicationTests using Java 1.8.0_201 on ubuntu-nico with PID 24447 (started by nicolas in /home/nicolas/Desktop/DevApps/DesApp-Grupo-N-012022)
2022-04-10 09:50:46.907  INFO 24447 --- [    Test worker] u.d.g.b.BackendDesappApiApplicationTests : No active profile set, falling back to 1 default profile: "default"
2022-04-10 09:50:55.440  INFO 24447 --- [    Test worker] .s.d.r.c.RepositoryConfigurationDelegate : Bootstrapping Spring Data JPA repositories in DEFAULT mode.
2022-04-10 09:50:55.456  INFO 24447 --- [    Test worker] .s.d.r.c.RepositoryConfigurationDelegate : Finished Spring Data repository scanning in 6 ms. Found 0 JPA repository interfaces.
2022-04-10 09:51:15.336  INFO 24447 --- [    Test worker] com.zaxxer.hikari.HikariDataSource       : HikariPool-1 - Starting...
2022-04-10 09:51:17.144  INFO 24447 --- [    Test worker] com.zaxxer.hikari.HikariDataSource       : HikariPool-1 - Start completed.
2022-04-10 09:51:17.990  INFO 24447 --- [    Test worker] o.hibernate.jpa.internal.util.LogHelper  : HHH000204: Processing PersistenceUnitInfo [name: default]
2022-04-10 09:51:18.807  INFO 24447 --- [    Test worker] org.hibernate.Version                    : HHH000412: Hibernate ORM core version 5.6.7.Final
2022-04-10 09:51:22.120  INFO 24447 --- [    Test worker] o.hibernate.annotations.common.Version   : HCANN000001: Hibernate Commons Annotations {5.1.2.Final}
2022-04-10 09:51:24.068  INFO 24447 --- [    Test worker] org.hibernate.dialect.Dialect            : HHH000400: Using dialect: org.hibernate.dialect.H2Dialect
2022-04-10 09:51:27.267  INFO 24447 --- [    Test worker] o.h.e.t.j.p.i.JtaPlatformInitiator       : HHH000490: Using JtaPlatform implementation: [org.hibernate.engine.transaction.jta.platform.internal.NoJtaPlatform]
2022-04-10 09:51:27.714  INFO 24447 --- [    Test worker] j.LocalContainerEntityManagerFactoryBean : Initialized JPA EntityManagerFactory for persistence unit 'default'
2022-04-10 09:51:31.554  WARN 24447 --- [    Test worker] JpaBaseConfiguration$JpaWebConfiguration : spring.jpa.open-in-view is enabled by default. Therefore, database queries may be performed during view rendering. Explicitly configure spring.jpa.open-in-view to disable this warning
2022-04-10 09:51:44.213  WARN 24447 --- [    Test worker] .s.s.UserDetailsServiceAutoConfiguration : 

Using generated security password: 3d0fb5ca-14ad-4b21-9315-49d7821e61fd

This generated password is for development use only. Your security configuration must be updated before running your application in production.

2022-04-10 09:52:03.953  INFO 24447 --- [    Test worker] o.s.s.web.DefaultSecurityFilterChain     : Will not secure any request
2022-04-10 09:52:05.895  INFO 24447 --- [    Test worker] u.d.g.b.BackendDesappApiApplicationTests : Started BackendDesappApiApplicationTests in 80.045 seconds (JVM running for 91.758)
]]></system-out>
  <system-err><![CDATA[]]></system-err>
</testsuite>
