<?xml version="1.0" encoding="UTF-8"?>
<testsuite name="ar.edu.unq.desapp.grupon.backenddesappapi.BackendDesappApiApplicationTests" tests="1" skipped="0" failures="0" errors="0" timestamp="2022-04-19T10:38:03" hostname="ubuntu-nico" time="0.071">
  <properties/>
  <testcase name="contextLoads()" classname="ar.edu.unq.desapp.grupon.backenddesappapi.BackendDesappApiApplicationTests" time="0.071"/>
  <system-out><![CDATA[07:37:59.156 [Test worker] DEBUG org.springframework.test.context.BootstrapUtils - Instantiating CacheAwareContextLoaderDelegate from class [org.springframework.test.context.cache.DefaultCacheAwareContextLoaderDelegate]
07:37:59.171 [Test worker] DEBUG org.springframework.test.context.BootstrapUtils - Instantiating BootstrapContext using constructor [public org.springframework.test.context.support.DefaultBootstrapContext(java.lang.Class,org.springframework.test.context.CacheAwareContextLoaderDelegate)]
07:37:59.199 [Test worker] DEBUG org.springframework.test.context.BootstrapUtils - Instantiating TestContextBootstrapper for test class [ar.edu.unq.desapp.grupon.backenddesappapi.BackendDesappApiApplicationTests] from class [org.springframework.boot.test.context.SpringBootTestContextBootstrapper]
07:37:59.209 [Test worker] INFO org.springframework.boot.test.context.SpringBootTestContextBootstrapper - Neither @ContextConfiguration nor @ContextHierarchy found for test class [ar.edu.unq.desapp.grupon.backenddesappapi.BackendDesappApiApplicationTests], using SpringBootContextLoader
07:37:59.213 [Test worker] DEBUG org.springframework.test.context.support.AbstractContextLoader - Did not detect default resource location for test class [ar.edu.unq.desapp.grupon.backenddesappapi.BackendDesappApiApplicationTests]: class path resource [ar/edu/unq/desapp/grupon/backenddesappapi/BackendDesappApiApplicationTests-context.xml] does not exist
07:37:59.213 [Test worker] DEBUG org.springframework.test.context.support.AbstractContextLoader - Did not detect default resource location for test class [ar.edu.unq.desapp.grupon.backenddesappapi.BackendDesappApiApplicationTests]: class path resource [ar/edu/unq/desapp/grupon/backenddesappapi/BackendDesappApiApplicationTestsContext.groovy] does not exist
07:37:59.213 [Test worker] INFO org.springframework.test.context.support.AbstractContextLoader - Could not detect default resource locations for test class [ar.edu.unq.desapp.grupon.backenddesappapi.BackendDesappApiApplicationTests]: no resource found for suffixes {-context.xml, Context.groovy}.
07:37:59.214 [Test worker] INFO org.springframework.test.context.support.AnnotationConfigContextLoaderUtils - Could not detect default configuration classes for test class [ar.edu.unq.desapp.grupon.backenddesappapi.BackendDesappApiApplicationTests]: BackendDesappApiApplicationTests does not declare any static, non-private, non-final, nested classes annotated with @Configuration.
07:37:59.247 [Test worker] DEBUG org.springframework.test.context.support.ActiveProfilesUtils - Could not find an 'annotation declaring class' for annotation type [org.springframework.test.context.ActiveProfiles] and class [ar.edu.unq.desapp.grupon.backenddesappapi.BackendDesappApiApplicationTests]
07:37:59.312 [Test worker] DEBUG org.springframework.context.annotation.ClassPathScanningCandidateComponentProvider - Identified candidate component class: file [/home/nicolas/Desktop/DevApps/DesApp-Grupo-N-012022/build/classes/java/main/ar/edu/unq/desapp/grupon/backenddesappapi/BackendDesappApiApplication.class]
07:37:59.313 [Test worker] INFO org.springframework.boot.test.context.SpringBootTestContextBootstrapper - Found @SpringBootConfiguration ar.edu.unq.desapp.grupon.backenddesappapi.BackendDesappApiApplication for test class ar.edu.unq.desapp.grupon.backenddesappapi.BackendDesappApiApplicationTests
07:37:59.404 [Test worker] DEBUG org.springframework.boot.test.context.SpringBootTestContextBootstrapper - @TestExecutionListeners is not present for class [ar.edu.unq.desapp.grupon.backenddesappapi.BackendDesappApiApplicationTests]: using defaults.
07:37:59.405 [Test worker] INFO org.springframework.boot.test.context.SpringBootTestContextBootstrapper - Loaded default TestExecutionListener class names from location [META-INF/spring.factories]: [org.springframework.security.test.context.support.WithSecurityContextTestExecutionListener, org.springframework.security.test.context.support.ReactorContextTestExecutionListener, org.springframework.boot.test.autoconfigure.restdocs.RestDocsTestExecutionListener, org.springframework.boot.test.autoconfigure.web.client.MockRestServiceServerResetTestExecutionListener, org.springframework.boot.test.autoconfigure.web.servlet.MockMvcPrintOnlyOnFailureTestExecutionListener, org.springframework.boot.test.autoconfigure.web.servlet.WebDriverTestExecutionListener, org.springframework.boot.test.autoconfigure.webservices.client.MockWebServiceServerTestExecutionListener, org.springframework.boot.test.mock.mockito.MockitoTestExecutionListener, org.springframework.boot.test.mock.mockito.ResetMocksTestExecutionListener, org.springframework.test.context.web.ServletTestExecutionListener, org.springframework.test.context.support.DirtiesContextBeforeModesTestExecutionListener, org.springframework.test.context.event.ApplicationEventsTestExecutionListener, org.springframework.test.context.support.DependencyInjectionTestExecutionListener, org.springframework.test.context.support.DirtiesContextTestExecutionListener, org.springframework.test.context.transaction.TransactionalTestExecutionListener, org.springframework.test.context.jdbc.SqlScriptsTestExecutionListener, org.springframework.test.context.event.EventPublishingTestExecutionListener]
07:37:59.420 [Test worker] INFO org.springframework.boot.test.context.SpringBootTestContextBootstrapper - Using TestExecutionListeners: [org.springframework.test.context.web.ServletTestExecutionListener@1458ed9c, org.springframework.test.context.support.DirtiesContextBeforeModesTestExecutionListener@10a9d961, org.springframework.test.context.event.ApplicationEventsTestExecutionListener@130e116b, org.springframework.boot.test.mock.mockito.MockitoTestExecutionListener@e383572, org.springframework.boot.test.autoconfigure.SpringBootDependencyInjectionTestExecutionListener@5ddf0d24, org.springframework.test.context.support.DirtiesContextTestExecutionListener@363a52f, org.springframework.test.context.transaction.TransactionalTestExecutionListener@60856961, org.springframework.test.context.jdbc.SqlScriptsTestExecutionListener@2fd953a6, org.springframework.security.test.context.support.WithSecurityContextTestExecutionListener@a4add54, org.springframework.test.context.event.EventPublishingTestExecutionListener@141e5bef, org.springframework.security.test.context.support.ReactorContextTestExecutionListener@5f9be66c, org.springframework.boot.test.autoconfigure.restdocs.RestDocsTestExecutionListener@3abada5a, org.springframework.boot.test.autoconfigure.web.client.MockRestServiceServerResetTestExecutionListener@66c61024, org.springframework.boot.test.autoconfigure.web.servlet.MockMvcPrintOnlyOnFailureTestExecutionListener@61fe30, org.springframework.boot.test.autoconfigure.web.servlet.WebDriverTestExecutionListener@c9d0d6, org.springframework.boot.test.autoconfigure.webservices.client.MockWebServiceServerTestExecutionListener@6ccdb29f, org.springframework.boot.test.mock.mockito.ResetMocksTestExecutionListener@3adcc812]
07:37:59.423 [Test worker] DEBUG org.springframework.test.context.support.AbstractDirtiesContextTestExecutionListener - Before test class: context [DefaultTestContext@66c92293 testClass = BackendDesappApiApplicationTests, testInstance = [null], testMethod = [null], testException = [null], mergedContextConfiguration = [WebMergedContextConfiguration@332796d3 testClass = BackendDesappApiApplicationTests, locations = '{}', classes = '{class ar.edu.unq.desapp.grupon.backenddesappapi.BackendDesappApiApplication}', contextInitializerClasses = '[]', activeProfiles = '{}', propertySourceLocations = '{}', propertySourceProperties = '{org.springframework.boot.test.context.SpringBootTestContextBootstrapper=true}', contextCustomizers = set[org.springframework.boot.test.autoconfigure.actuate.metrics.MetricsExportContextCustomizerFactory$DisableMetricExportContextCustomizer@69e153c5, org.springframework.boot.test.autoconfigure.properties.PropertyMappingContextCustomizer@0, org.springframework.boot.test.autoconfigure.web.servlet.WebDriverContextCustomizerFactory$Customizer@795509d9, org.springframework.boot.test.context.filter.ExcludeFilterContextCustomizer@4be29ed9, org.springframework.boot.test.json.DuplicateJsonObjectContextCustomizerFactory$DuplicateJsonObjectContextCustomizer@53fb3dab, org.springframework.boot.test.mock.mockito.MockitoContextCustomizer@0, org.springframework.boot.test.web.client.TestRestTemplateContextCustomizer@8458f04, org.springframework.boot.test.context.SpringBootTestArgs@1, org.springframework.boot.test.context.SpringBootTestWebEnvironment@60704c], resourceBasePath = 'src/main/webapp', contextLoader = 'org.springframework.boot.test.context.SpringBootContextLoader', parent = [null]], attributes = map['org.springframework.test.context.web.ServletTestExecutionListener.activateListener' -> true]], class annotated with @DirtiesContext [false] with mode [null].

  .   ____          _            __ _ _
 /\\ / ___'_ __ _ _(_)_ __  __ _ \ \ \ \
( ( )\___ | '_ | '_| | '_ \/ _` | \ \ \ \
 \\/  ___)| |_)| | | | | || (_| |  ) ) ) )
  '  |____| .__|_| |_|_| |_\__, | / / / /
 =========|_|==============|___/=/_/_/_/
 :: Spring Boot ::                (v2.6.6)

2022-04-19 07:37:59.715  INFO 15681 --- [    Test worker] u.d.g.b.BackendDesappApiApplicationTests : Starting BackendDesappApiApplicationTests using Java 1.8.0_201 on ubuntu-nico with PID 15681 (started by nicolas in /home/nicolas/Desktop/DevApps/DesApp-Grupo-N-012022)
2022-04-19 07:37:59.716  INFO 15681 --- [    Test worker] u.d.g.b.BackendDesappApiApplicationTests : No active profile set, falling back to 1 default profile: "default"
2022-04-19 07:38:00.464  INFO 15681 --- [    Test worker] .s.d.r.c.RepositoryConfigurationDelegate : Bootstrapping Spring Data JPA repositories in DEFAULT mode.
2022-04-19 07:38:00.480  INFO 15681 --- [    Test worker] .s.d.r.c.RepositoryConfigurationDelegate : Finished Spring Data repository scanning in 8 ms. Found 0 JPA repository interfaces.
2022-04-19 07:38:01.185  INFO 15681 --- [    Test worker] com.zaxxer.hikari.HikariDataSource       : HikariPool-1 - Starting...
2022-04-19 07:38:01.326  INFO 15681 --- [    Test worker] com.zaxxer.hikari.HikariDataSource       : HikariPool-1 - Start completed.
2022-04-19 07:38:01.404  INFO 15681 --- [    Test worker] o.hibernate.jpa.internal.util.LogHelper  : HHH000204: Processing PersistenceUnitInfo [name: default]
2022-04-19 07:38:01.461  INFO 15681 --- [    Test worker] org.hibernate.Version                    : HHH000412: Hibernate ORM core version 5.6.7.Final
2022-04-19 07:38:01.697  INFO 15681 --- [    Test worker] o.hibernate.annotations.common.Version   : HCANN000001: Hibernate Commons Annotations {5.1.2.Final}
2022-04-19 07:38:01.849  INFO 15681 --- [    Test worker] org.hibernate.dialect.Dialect            : HHH000400: Using dialect: org.hibernate.dialect.H2Dialect
2022-04-19 07:38:02.118  INFO 15681 --- [    Test worker] o.h.e.t.j.p.i.JtaPlatformInitiator       : HHH000490: Using JtaPlatform implementation: [org.hibernate.engine.transaction.jta.platform.internal.NoJtaPlatform]
2022-04-19 07:38:02.129  INFO 15681 --- [    Test worker] j.LocalContainerEntityManagerFactoryBean : Initialized JPA EntityManagerFactory for persistence unit 'default'
2022-04-19 07:38:02.404  WARN 15681 --- [    Test worker] JpaBaseConfiguration$JpaWebConfiguration : spring.jpa.open-in-view is enabled by default. Therefore, database queries may be performed during view rendering. Explicitly configure spring.jpa.open-in-view to disable this warning
2022-04-19 07:38:03.095  WARN 15681 --- [    Test worker] .s.s.UserDetailsServiceAutoConfiguration : 

Using generated security password: 50c9b82e-cfeb-44ef-99e6-3c9b4b4fba94

This generated password is for development use only. Your security configuration must be updated before running your application in production.

2022-04-19 07:38:03.319  INFO 15681 --- [    Test worker] o.s.s.web.DefaultSecurityFilterChain     : Will not secure any request
2022-04-19 07:38:03.429  INFO 15681 --- [    Test worker] u.d.g.b.BackendDesappApiApplicationTests : Started BackendDesappApiApplicationTests in 3.979 seconds (JVM running for 5.037)
]]></system-out>
  <system-err><![CDATA[]]></system-err>
</testsuite>
