<?xml version="1.0" encoding="UTF-8"?>
<testsuite name="ar.edu.unq.desapp.grupon.backenddesappapi.unit.model.CriptoavtiveTest" tests="3" skipped="0" failures="0" errors="0" timestamp="2022-05-31T14:51:10" hostname="ubuntu-nico" time="0.012">
  <properties/>
  <testcase name="getCriptoactiveLocalDate()" classname="ar.edu.unq.desapp.grupon.backenddesappapi.unit.model.CriptoavtiveTest" time="0.007"/>
  <testcase name="getCriptoactivePrice()" classname="ar.edu.unq.desapp.grupon.backenddesappapi.unit.model.CriptoavtiveTest" time="0.001"/>
  <testcase name="getCriptoactiveName()" classname="ar.edu.unq.desapp.grupon.backenddesappapi.unit.model.CriptoavtiveTest" time="0.002"/>
  <system-out><![CDATA[]]></system-out>
  <system-err><![CDATA[]]></system-err>
</testsuite>
