<?xml version="1.0" encoding="UTF-8"?>
<testsuite name="ar.edu.unq.desapp.grupon.backenddesappapi.unit.service.UserServiceTest" tests="5" skipped="0" failures="0" errors="0" timestamp="2022-06-14T03:24:04" hostname="ubuntu-nico" time="0.143">
  <properties/>
  <testcase name="getUserByIdWhenUserDoesntExist_returnsNull()" classname="ar.edu.unq.desapp.grupon.backenddesappapi.unit.service.UserServiceTest" time="0.112"/>
  <testcase name="getUserById_returnsUser()" classname="ar.edu.unq.desapp.grupon.backenddesappapi.unit.service.UserServiceTest" time="0.007"/>
  <testcase name="getAllUsers_returnsUserList()" classname="ar.edu.unq.desapp.grupon.backenddesappapi.unit.service.UserServiceTest" time="0.007"/>
  <testcase name="saveUser_transformsDtoIntoModelObject()" classname="ar.edu.unq.desapp.grupon.backenddesappapi.unit.service.UserServiceTest" time="0.007"/>
  <testcase name="deleteUserById()" classname="ar.edu.unq.desapp.grupon.backenddesappapi.unit.service.UserServiceTest" time="0.004"/>
  <system-out><![CDATA[]]></system-out>
  <system-err><![CDATA[]]></system-err>
</testsuite>
