<?xml version="1.0" encoding="UTF-8"?>
<testsuite name="ar.edu.unq.desapp.grupon.backenddesappapi.BackendDesappApiApplicationTests" tests="1" skipped="0" failures="0" errors="0" timestamp="2022-04-19T01:29:31" hostname="ubuntu-nico" time="0.13">
  <properties/>
  <testcase name="contextLoads()" classname="ar.edu.unq.desapp.grupon.backenddesappapi.BackendDesappApiApplicationTests" time="0.13"/>
  <system-out><![CDATA[22:29:27.000 [Test worker] DEBUG org.springframework.test.context.BootstrapUtils - Instantiating CacheAwareContextLoaderDelegate from class [org.springframework.test.context.cache.DefaultCacheAwareContextLoaderDelegate]
22:29:27.008 [Test worker] DEBUG org.springframework.test.context.BootstrapUtils - Instantiating BootstrapContext using constructor [public org.springframework.test.context.support.DefaultBootstrapContext(java.lang.Class,org.springframework.test.context.CacheAwareContextLoaderDelegate)]
22:29:27.062 [Test worker] DEBUG org.springframework.test.context.BootstrapUtils - Instantiating TestContextBootstrapper for test class [ar.edu.unq.desapp.grupon.backenddesappapi.BackendDesappApiApplicationTests] from class [org.springframework.boot.test.context.SpringBootTestContextBootstrapper]
22:29:27.071 [Test worker] INFO org.springframework.boot.test.context.SpringBootTestContextBootstrapper - Neither @ContextConfiguration nor @ContextHierarchy found for test class [ar.edu.unq.desapp.grupon.backenddesappapi.BackendDesappApiApplicationTests], using SpringBootContextLoader
22:29:27.074 [Test worker] DEBUG org.springframework.test.context.support.AbstractContextLoader - Did not detect default resource location for test class [ar.edu.unq.desapp.grupon.backenddesappapi.BackendDesappApiApplicationTests]: class path resource [ar/edu/unq/desapp/grupon/backenddesappapi/BackendDesappApiApplicationTests-context.xml] does not exist
22:29:27.074 [Test worker] DEBUG org.springframework.test.context.support.AbstractContextLoader - Did not detect default resource location for test class [ar.edu.unq.desapp.grupon.backenddesappapi.BackendDesappApiApplicationTests]: class path resource [ar/edu/unq/desapp/grupon/backenddesappapi/BackendDesappApiApplicationTestsContext.groovy] does not exist
22:29:27.075 [Test worker] INFO org.springframework.test.context.support.AbstractContextLoader - Could not detect default resource locations for test class [ar.edu.unq.desapp.grupon.backenddesappapi.BackendDesappApiApplicationTests]: no resource found for suffixes {-context.xml, Context.groovy}.
22:29:27.075 [Test worker] INFO org.springframework.test.context.support.AnnotationConfigContextLoaderUtils - Could not detect default configuration classes for test class [ar.edu.unq.desapp.grupon.backenddesappapi.BackendDesappApiApplicationTests]: BackendDesappApiApplicationTests does not declare any static, non-private, non-final, nested classes annotated with @Configuration.
22:29:27.175 [Test worker] DEBUG org.springframework.test.context.support.ActiveProfilesUtils - Could not find an 'annotation declaring class' for annotation type [org.springframework.test.context.ActiveProfiles] and class [ar.edu.unq.desapp.grupon.backenddesappapi.BackendDesappApiApplicationTests]
22:29:27.243 [Test worker] DEBUG org.springframework.context.annotation.ClassPathScanningCandidateComponentProvider - Identified candidate component class: file [/home/nicolas/Desktop/DevApps/DesApp-Grupo-N-012022/build/classes/java/main/ar/edu/unq/desapp/grupon/backenddesappapi/BackendDesappApiApplication.class]
22:29:27.244 [Test worker] INFO org.springframework.boot.test.context.SpringBootTestContextBootstrapper - Found @SpringBootConfiguration ar.edu.unq.desapp.grupon.backenddesappapi.BackendDesappApiApplication for test class ar.edu.unq.desapp.grupon.backenddesappapi.BackendDesappApiApplicationTests
22:29:27.398 [Test worker] DEBUG org.springframework.boot.test.context.SpringBootTestContextBootstrapper - @TestExecutionListeners is not present for class [ar.edu.unq.desapp.grupon.backenddesappapi.BackendDesappApiApplicationTests]: using defaults.
22:29:27.398 [Test worker] INFO org.springframework.boot.test.context.SpringBootTestContextBootstrapper - Loaded default TestExecutionListener class names from location [META-INF/spring.factories]: [org.springframework.security.test.context.support.WithSecurityContextTestExecutionListener, org.springframework.security.test.context.support.ReactorContextTestExecutionListener, org.springframework.boot.test.autoconfigure.restdocs.RestDocsTestExecutionListener, org.springframework.boot.test.autoconfigure.web.client.MockRestServiceServerResetTestExecutionListener, org.springframework.boot.test.autoconfigure.web.servlet.MockMvcPrintOnlyOnFailureTestExecutionListener, org.springframework.boot.test.autoconfigure.web.servlet.WebDriverTestExecutionListener, org.springframework.boot.test.autoconfigure.webservices.client.MockWebServiceServerTestExecutionListener, org.springframework.boot.test.mock.mockito.MockitoTestExecutionListener, org.springframework.boot.test.mock.mockito.ResetMocksTestExecutionListener, org.springframework.test.context.web.ServletTestExecutionListener, org.springframework.test.context.support.DirtiesContextBeforeModesTestExecutionListener, org.springframework.test.context.event.ApplicationEventsTestExecutionListener, org.springframework.test.context.support.DependencyInjectionTestExecutionListener, org.springframework.test.context.support.DirtiesContextTestExecutionListener, org.springframework.test.context.transaction.TransactionalTestExecutionListener, org.springframework.test.context.jdbc.SqlScriptsTestExecutionListener, org.springframework.test.context.event.EventPublishingTestExecutionListener]
22:29:27.448 [Test worker] INFO org.springframework.boot.test.context.SpringBootTestContextBootstrapper - Using TestExecutionListeners: [org.springframework.test.context.web.ServletTestExecutionListener@2158766, org.springframework.test.context.support.DirtiesContextBeforeModesTestExecutionListener@1e6e381a, org.springframework.test.context.event.ApplicationEventsTestExecutionListener@24fc6eaf, org.springframework.boot.test.mock.mockito.MockitoTestExecutionListener@3543da63, org.springframework.boot.test.autoconfigure.SpringBootDependencyInjectionTestExecutionListener@1b43551a, org.springframework.test.context.support.DirtiesContextTestExecutionListener@74020080, org.springframework.test.context.transaction.TransactionalTestExecutionListener@334c91b9, org.springframework.test.context.jdbc.SqlScriptsTestExecutionListener@1877d571, org.springframework.security.test.context.support.WithSecurityContextTestExecutionListener@191db8e0, org.springframework.test.context.event.EventPublishingTestExecutionListener@7d7fad43, org.springframework.security.test.context.support.ReactorContextTestExecutionListener@2a692a0c, org.springframework.boot.test.autoconfigure.restdocs.RestDocsTestExecutionListener@c13ae6d, org.springframework.boot.test.autoconfigure.web.client.MockRestServiceServerResetTestExecutionListener@78bdddb7, org.springframework.boot.test.autoconfigure.web.servlet.MockMvcPrintOnlyOnFailureTestExecutionListener@78a86256, org.springframework.boot.test.autoconfigure.web.servlet.WebDriverTestExecutionListener@1bf20e05, org.springframework.boot.test.autoconfigure.webservices.client.MockWebServiceServerTestExecutionListener@a83bbd0, org.springframework.boot.test.mock.mockito.ResetMocksTestExecutionListener@1cc59f52]
22:29:27.454 [Test worker] DEBUG org.springframework.test.context.support.AbstractDirtiesContextTestExecutionListener - Before test class: context [DefaultTestContext@2b73ffe4 testClass = BackendDesappApiApplicationTests, testInstance = [null], testMethod = [null], testException = [null], mergedContextConfiguration = [WebMergedContextConfiguration@d10a692 testClass = BackendDesappApiApplicationTests, locations = '{}', classes = '{class ar.edu.unq.desapp.grupon.backenddesappapi.BackendDesappApiApplication}', contextInitializerClasses = '[]', activeProfiles = '{}', propertySourceLocations = '{}', propertySourceProperties = '{org.springframework.boot.test.context.SpringBootTestContextBootstrapper=true}', contextCustomizers = set[org.springframework.boot.test.autoconfigure.actuate.metrics.MetricsExportContextCustomizerFactory$DisableMetricExportContextCustomizer@646030bd, org.springframework.boot.test.autoconfigure.properties.PropertyMappingContextCustomizer@0, org.springframework.boot.test.autoconfigure.web.servlet.WebDriverContextCustomizerFactory$Customizer@7588dee8, org.springframework.boot.test.context.filter.ExcludeFilterContextCustomizer@42f01df7, org.springframework.boot.test.json.DuplicateJsonObjectContextCustomizerFactory$DuplicateJsonObjectContextCustomizer@756a8f62, org.springframework.boot.test.mock.mockito.MockitoContextCustomizer@0, org.springframework.boot.test.web.client.TestRestTemplateContextCustomizer@4bf063da, org.springframework.boot.test.context.SpringBootTestArgs@1, org.springframework.boot.test.context.SpringBootTestWebEnvironment@53b1e81], resourceBasePath = 'src/main/webapp', contextLoader = 'org.springframework.boot.test.context.SpringBootContextLoader', parent = [null]], attributes = map['org.springframework.test.context.web.ServletTestExecutionListener.activateListener' -> true]], class annotated with @DirtiesContext [false] with mode [null].

  .   ____          _            __ _ _
 /\\ / ___'_ __ _ _(_)_ __  __ _ \ \ \ \
( ( )\___ | '_ | '_| | '_ \/ _` | \ \ \ \
 \\/  ___)| |_)| | | | | || (_| |  ) ) ) )
  '  |____| .__|_| |_|_| |_\__, | / / / /
 =========|_|==============|___/=/_/_/_/
 :: Spring Boot ::                (v2.6.6)

2022-04-18 22:29:27.792  INFO 13135 --- [    Test worker] u.d.g.b.BackendDesappApiApplicationTests : Starting BackendDesappApiApplicationTests using Java 1.8.0_201 on ubuntu-nico with PID 13135 (started by nicolas in /home/nicolas/Desktop/DevApps/DesApp-Grupo-N-012022)
2022-04-18 22:29:27.793  INFO 13135 --- [    Test worker] u.d.g.b.BackendDesappApiApplicationTests : No active profile set, falling back to 1 default profile: "default"
2022-04-18 22:29:28.788  INFO 13135 --- [    Test worker] .s.d.r.c.RepositoryConfigurationDelegate : Bootstrapping Spring Data JPA repositories in DEFAULT mode.
2022-04-18 22:29:28.804  INFO 13135 --- [    Test worker] .s.d.r.c.RepositoryConfigurationDelegate : Finished Spring Data repository scanning in 7 ms. Found 0 JPA repository interfaces.
2022-04-18 22:29:29.635  INFO 13135 --- [    Test worker] com.zaxxer.hikari.HikariDataSource       : HikariPool-1 - Starting...
2022-04-18 22:29:29.805  INFO 13135 --- [    Test worker] com.zaxxer.hikari.HikariDataSource       : HikariPool-1 - Start completed.
2022-04-18 22:29:29.884  INFO 13135 --- [    Test worker] o.hibernate.jpa.internal.util.LogHelper  : HHH000204: Processing PersistenceUnitInfo [name: default]
2022-04-18 22:29:29.939  INFO 13135 --- [    Test worker] org.hibernate.Version                    : HHH000412: Hibernate ORM core version 5.6.7.Final
2022-04-18 22:29:30.123  INFO 13135 --- [    Test worker] o.hibernate.annotations.common.Version   : HCANN000001: Hibernate Commons Annotations {5.1.2.Final}
2022-04-18 22:29:30.323  INFO 13135 --- [    Test worker] org.hibernate.dialect.Dialect            : HHH000400: Using dialect: org.hibernate.dialect.H2Dialect
2022-04-18 22:29:30.629  INFO 13135 --- [    Test worker] o.h.e.t.j.p.i.JtaPlatformInitiator       : HHH000490: Using JtaPlatform implementation: [org.hibernate.engine.transaction.jta.platform.internal.NoJtaPlatform]
2022-04-18 22:29:30.637  INFO 13135 --- [    Test worker] j.LocalContainerEntityManagerFactoryBean : Initialized JPA EntityManagerFactory for persistence unit 'default'
2022-04-18 22:29:30.883  WARN 13135 --- [    Test worker] JpaBaseConfiguration$JpaWebConfiguration : spring.jpa.open-in-view is enabled by default. Therefore, database queries may be performed during view rendering. Explicitly configure spring.jpa.open-in-view to disable this warning
2022-04-18 22:29:31.536  WARN 13135 --- [    Test worker] .s.s.UserDetailsServiceAutoConfiguration : 

Using generated security password: 8f766dc0-4d18-4af8-9ab3-9a32ac278d37

This generated password is for development use only. Your security configuration must be updated before running your application in production.

2022-04-18 22:29:31.744  INFO 13135 --- [    Test worker] o.s.s.web.DefaultSecurityFilterChain     : Will not secure any request
2022-04-18 22:29:31.864  INFO 13135 --- [    Test worker] u.d.g.b.BackendDesappApiApplicationTests : Started BackendDesappApiApplicationTests in 4.374 seconds (JVM running for 5.885)
]]></system-out>
  <system-err><![CDATA[]]></system-err>
</testsuite>
