<?xml version="1.0" encoding="UTF-8"?>
<testsuite name="ar.edu.unq.desapp.grupon.backenddesappapi.unit.model.UserTest" tests="7" skipped="0" failures="0" errors="0" timestamp="2022-05-29T20:40:52" hostname="ubuntu-nico" time="0.011">
  <properties/>
  <testcase name="setUserReputation()" classname="ar.edu.unq.desapp.grupon.backenddesappapi.unit.model.UserTest" time="0.001"/>
  <testcase name="setUserCvu()" classname="ar.edu.unq.desapp.grupon.backenddesappapi.unit.model.UserTest" time="0.001"/>
  <testcase name="setUserPassword()" classname="ar.edu.unq.desapp.grupon.backenddesappapi.unit.model.UserTest" time="0.0"/>
  <testcase name="setUserSurname()" classname="ar.edu.unq.desapp.grupon.backenddesappapi.unit.model.UserTest" time="0.0"/>
  <testcase name="setUserAddress()" classname="ar.edu.unq.desapp.grupon.backenddesappapi.unit.model.UserTest" time="0.0"/>
  <testcase name="setUserName()" classname="ar.edu.unq.desapp.grupon.backenddesappapi.unit.model.UserTest" time="0.001"/>
  <testcase name="setUserEmail()" classname="ar.edu.unq.desapp.grupon.backenddesappapi.unit.model.UserTest" time="0.002"/>
  <system-out><![CDATA[]]></system-out>
  <system-err><![CDATA[]]></system-err>
</testsuite>
